SF:lib/typewritertext.dart
DA:31,2
DA:45,1
DA:46,1
DA:74,1
DA:87,1
DA:88,1
DA:127,1
DA:128,1
DA:136,1
DA:138,1
DA:139,2
DA:144,2
DA:145,3
DA:146,4
DA:147,2
DA:148,2
DA:149,1
DA:150,3
DA:151,5
DA:154,1
DA:155,7
DA:164,1
DA:165,2
DA:166,3
DA:167,4
DA:168,3
DA:169,3
DA:170,1
DA:171,4
DA:172,1
DA:174,2
DA:175,0
DA:176,0
DA:177,0
DA:178,0
DA:185,1
DA:187,2
DA:188,1
DA:191,1
DA:193,2
DA:194,1
DA:195,3
DA:196,8
DA:197,1
DA:198,2
DA:200,2
DA:203,1
DA:204,1
DA:205,2
DA:208,1
DA:209,1
DA:210,1
DA:211,1
DA:212,1
DA:213,1
DA:214,1
DA:215,1
DA:216,1
DA:217,1
DA:218,1
DA:219,1
DA:220,1
DA:221,1
DA:222,1
DA:223,1
DA:225,1
DA:226,2
DA:227,3
DA:228,3
DA:229,1
DA:230,3
DA:231,1
DA:232,1
DA:233,1
DA:234,1
DA:235,1
DA:236,1
DA:237,1
DA:238,1
DA:239,1
DA:240,1
DA:241,1
DA:242,1
DA:243,1
LF:84
LH:80
end_of_record
SF:lib/v3/typewriter.dart
DA:25,1
DA:31,2
DA:32,1
DA:34,1
DA:50,2
DA:85,1
DA:107,1
DA:110,1
DA:113,1
DA:187,1
DA:188,1
DA:195,1
DA:197,1
DA:198,1
DA:199,1
DA:200,2
DA:201,2
DA:202,2
DA:203,2
DA:204,2
DA:205,2
DA:206,2
DA:207,1
DA:208,4
DA:209,2
DA:210,2
DA:211,2
DA:212,1
DA:213,1
DA:214,1
DA:217,1
DA:218,1
DA:219,1
DA:220,7
DA:221,2
DA:222,5
DA:224,1
DA:225,2
DA:226,3
DA:227,3
DA:228,1
DA:229,3
DA:230,2
DA:231,2
DA:232,2
DA:233,2
DA:234,2
DA:235,2
DA:236,2
DA:237,2
DA:238,2
DA:239,2
DA:240,2
DA:241,2
DA:242,2
DA:252,1
DA:254,1
DA:256,3
DA:257,1
DA:258,3
DA:259,2
DA:260,2
DA:263,3
DA:264,3
DA:265,7
DA:266,7
DA:272,1
DA:274,4
DA:275,1
LF:69
LH:69
end_of_record
SF:lib/v3/typewriter_controller.dart
DA:30,1
DA:34,3
DA:48,2
DA:63,2
DA:65,2
DA:66,4
DA:68,2
DA:70,6
DA:71,8
DA:72,2
DA:74,4
DA:77,2
DA:79,2
DA:89,1
DA:90,1
DA:91,1
DA:95,2
DA:96,2
DA:99,2
DA:101,2
DA:102,2
LF:21
LH:21
end_of_record
SF:lib/v3/typewriter_value.dart
DA:21,3
DA:33,3
DA:34,15
DA:35,6
DA:40,3
DA:41,9
DA:45,6
DA:47,3
DA:49,3
DA:51,6
DA:52,3
DA:53,9
DA:54,6
DA:56,3
DA:57,6
DA:64,3
DA:65,15
DA:66,9
DA:67,18
DA:68,6
DA:71,1
DA:73,4
LF:22
LH:22
end_of_record
