SF:lib/v3/typewriter_controller.dart
DA:30,1
DA:34,3
DA:48,2
DA:63,2
DA:65,2
DA:66,4
DA:68,2
DA:70,6
DA:71,8
DA:72,2
DA:74,4
DA:77,2
DA:79,2
DA:89,1
DA:90,1
DA:91,1
DA:95,2
DA:96,2
DA:99,2
DA:101,2
DA:102,2
LF:21
LH:21
end_of_record
SF:lib/v3/typewriter.dart
DA:30,1
DA:36,2
DA:37,1
DA:39,1
DA:55,2
DA:90,1
DA:112,1
DA:115,1
DA:118,1
DA:192,1
DA:193,1
DA:200,1
DA:202,1
DA:203,1
DA:204,1
DA:205,2
DA:206,2
DA:207,2
DA:208,2
DA:209,2
DA:210,2
DA:211,2
DA:212,1
DA:213,4
DA:214,2
DA:215,2
DA:216,2
DA:217,1
DA:218,1
DA:219,1
DA:222,1
DA:223,1
DA:224,1
DA:225,7
DA:226,2
DA:227,5
DA:229,1
DA:230,2
DA:231,3
DA:232,3
DA:233,1
DA:234,3
DA:235,2
DA:236,2
DA:237,2
DA:238,2
DA:239,2
DA:240,2
DA:241,2
DA:242,2
DA:243,2
DA:244,2
DA:245,2
DA:246,2
DA:247,2
DA:257,1
DA:259,1
DA:261,3
DA:262,1
DA:263,3
DA:264,2
DA:265,2
DA:268,3
DA:269,3
DA:270,7
DA:271,7
DA:277,1
DA:279,4
DA:280,1
LF:69
LH:69
end_of_record
SF:lib/v3/typewriter_value.dart
DA:21,3
DA:33,3
DA:34,15
DA:35,6
DA:40,3
DA:41,9
DA:45,6
DA:47,3
DA:49,3
DA:51,6
DA:52,3
DA:53,9
DA:54,6
DA:56,3
DA:57,6
DA:64,3
DA:65,15
DA:66,9
DA:67,18
DA:68,6
DA:71,1
DA:73,4
LF:22
LH:22
end_of_record
SF:lib/typewritertext.dart
DA:36,2
DA:48,1
DA:49,1
DA:77,1
DA:89,1
DA:90,1
DA:129,1
DA:130,1
DA:138,1
DA:140,1
DA:141,2
DA:146,2
DA:147,3
DA:148,4
DA:149,2
DA:150,2
DA:151,1
DA:152,3
DA:153,5
DA:156,1
DA:157,7
DA:166,1
DA:167,2
DA:168,3
DA:169,4
DA:170,3
DA:171,3
DA:172,1
DA:173,4
DA:174,1
DA:176,2
DA:177,0
DA:178,0
DA:179,0
DA:180,0
DA:187,1
DA:189,2
DA:190,1
DA:193,1
DA:195,2
DA:196,1
DA:197,3
DA:198,8
DA:199,1
DA:200,2
DA:202,2
DA:205,1
DA:206,1
DA:207,2
DA:210,1
DA:211,1
DA:212,1
DA:213,1
DA:214,1
DA:215,1
DA:216,1
DA:217,1
DA:218,1
DA:219,1
DA:220,1
DA:221,1
DA:222,1
DA:223,1
DA:224,1
DA:225,1
DA:227,1
DA:228,2
DA:229,3
DA:230,3
DA:231,1
DA:232,3
DA:233,1
DA:234,1
DA:235,1
DA:236,1
DA:237,1
DA:238,1
DA:239,1
DA:240,1
DA:241,1
DA:242,1
DA:243,1
DA:244,1
DA:245,1
LF:84
LH:80
end_of_record
